0 verbose cli /usr/bin/node /usr/bin/npm
1 info using npm@8.19.4
2 info using node@v16.20.2
3 timing npm:load:whichnode Completed in 0ms
4 timing config:load:defaults Completed in 6ms
5 timing config:load:file:/usr/lib/node_modules/npm/npmrc Completed in 6ms
6 timing config:load:builtin Completed in 8ms
7 timing config:load:cli Completed in 8ms
8 timing config:load:env Completed in 2ms
9 timing config:load:file:/home/keystone-cms/.cache/typescript/5.9/.npmrc Completed in 0ms
10 timing config:load:project Completed in 7ms
11 timing config:load:file:/home/keystone-cms/.npmrc Completed in 1ms
12 timing config:load:user Completed in 2ms
13 timing config:load:file:/etc/npmrc Completed in 2ms
14 timing config:load:global Completed in 2ms
15 timing config:load:validate Completed in 1ms
16 timing config:load:credentials Completed in 3ms
17 timing config:load:setEnvs Completed in 4ms
18 timing config:load Completed in 44ms
19 timing npm:load:configload Completed in 44ms
20 timing npm:load:mkdirpcache Completed in 5ms
21 timing npm:load:mkdirplogs Completed in 2ms
22 verbose title npm install @types/react@ts5.9
23 verbose argv "install" "--ignore-scripts" "@types/react@ts5.9" "--save-dev" "--user-agent" "typesInstaller/5.9.3"
24 timing npm:load:setTitle Completed in 6ms
25 timing config:load:flatten Completed in 10ms
26 timing npm:load:display Completed in 14ms
27 verbose logfile logs-max:10 dir:/home/keystone-cms/.npm/_logs
28 verbose logfile /home/keystone-cms/.npm/_logs/2026-01-14T20_16_13_694Z-debug-0.log
29 timing npm:load:logFile Completed in 22ms
30 timing npm:load:timers Completed in 0ms
31 timing npm:load:configScope Completed in 0ms
32 timing npm:load Completed in 99ms
33 timing arborist:ctor Completed in 6ms
34 silly logfile done cleaning log files
35 timing idealTree:init Completed in 53ms
36 timing arborist:ctor Completed in 0ms
37 http fetch GET 200 https://registry.npmjs.org/@types%2freact 386ms (cache miss)
38 timing idealTree:userRequests Completed in 422ms
39 silly idealTree buildDeps
40 silly fetch manifest @types/react@19.2.8
41 silly placeDep ROOT @types/react@19.2.8 OK for:  want: 19.2.8
42 silly fetch manifest csstype@^3.2.2
43 http fetch GET 200 https://registry.npmjs.org/csstype 70ms (cache miss)
44 timing idealTree:#root Completed in 101ms
45 silly placeDep ROOT csstype@3.2.3 OK for: @types/react@19.2.8 want: ^3.2.2
46 timing idealTree:node_modules/@types/react Completed in 11ms
47 timing idealTree:node_modules/csstype Completed in 0ms
48 timing idealTree:buildDeps Completed in 118ms
49 timing idealTree:fixDepFlags Completed in 2ms
50 timing idealTree Completed in 600ms
51 timing reify:loadTrees Completed in 602ms
52 timing reify:diffTrees Completed in 5ms
53 silly reify moves {}
54 timing reify:retireShallow Completed in 4ms
55 timing reify:createSparse Completed in 5ms
56 timing reify:loadBundles Completed in 0ms
57 silly audit bulk request {
57 silly audit   'types-registry': [ '0.1.753' ],
57 silly audit   '@types/react': [ '19.2.8' ],
57 silly audit   csstype: [ '3.2.3' ]
57 silly audit }
58 silly tarball no local data for csstype@https://registry.npmjs.org/csstype/-/csstype-3.2.3.tgz. Extracting by manifest.
59 silly tarball no local data for @types/react@https://registry.npmjs.org/@types/react/-/react-19.2.8.tgz. Extracting by manifest.
60 http fetch POST 200 https://registry.npmjs.org/-/npm/v1/security/advisories/bulk 214ms
61 timing auditReport:getReport Completed in 220ms
62 silly audit report {}
63 timing auditReport:init Completed in 0ms
64 timing reify:audit Completed in 224ms
65 http fetch GET 200 https://registry.npmjs.org/@types/react/-/react-19.2.8.tgz 320ms (cache miss)
66 timing reifyNode:node_modules/@types/react Completed in 373ms
67 http fetch GET 200 https://registry.npmjs.org/csstype/-/csstype-3.2.3.tgz 350ms (cache miss)
68 timing reifyNode:node_modules/csstype Completed in 396ms
69 timing reify:unpack Completed in 396ms
70 timing reify:unretire Completed in 1ms
71 timing build:queue Completed in 2ms
72 timing build:deps Completed in 3ms
73 timing build Completed in 4ms
74 timing reify:build Completed in 6ms
75 timing reify:trash Completed in 1ms
76 timing reify:save Completed in 23ms
77 timing reify Completed in 1081ms
78 silly ADD node_modules/csstype
79 silly ADD node_modules/@types/react
80 timing command:install Completed in 1107ms
81 verbose exit 0
82 timing npm Completed in 1544ms
83 info ok
