0 verbose cli /usr/bin/node /usr/bin/npm
1 info using npm@8.19.4
2 info using node@v16.20.2
3 timing npm:load:whichnode Completed in 2ms
4 timing config:load:defaults Completed in 15ms
5 timing config:load:file:/usr/lib/node_modules/npm/npmrc Completed in 12ms
6 timing config:load:builtin Completed in 14ms
7 timing config:load:cli Completed in 8ms
8 timing config:load:env Completed in 2ms
9 timing config:load:file:/home/keystone-cms/.cache/typescript/5.9/.npmrc Completed in 2ms
10 timing config:load:project Completed in 7ms
11 timing config:load:file:/home/keystone-cms/.npmrc Completed in 1ms
12 timing config:load:user Completed in 2ms
13 timing config:load:file:/etc/npmrc Completed in 3ms
14 timing config:load:global Completed in 4ms
15 timing config:load:validate Completed in 2ms
16 timing config:load:credentials Completed in 7ms
17 timing config:load:setEnvs Completed in 12ms
18 timing config:load Completed in 77ms
19 timing npm:load:configload Completed in 79ms
20 timing npm:load:mkdirpcache Completed in 16ms
21 timing npm:load:mkdirplogs Completed in 6ms
22 verbose title npm install types-registry@latest
23 verbose argv "install" "--ignore-scripts" "types-registry@latest"
24 timing npm:load:setTitle Completed in 9ms
25 timing config:load:flatten Completed in 17ms
26 timing npm:load:display Completed in 22ms
27 verbose logfile logs-max:10 dir:/home/keystone-cms/.npm/_logs
28 verbose logfile /home/keystone-cms/.npm/_logs/2026-01-14T20_16_09_768Z-debug-0.log
29 timing npm:load:logFile Completed in 21ms
30 timing npm:load:timers Completed in 1ms
31 timing npm:load:configScope Completed in 0ms
32 timing npm:load Completed in 163ms
33 timing arborist:ctor Completed in 10ms
34 silly logfile done cleaning log files
35 timing arborist:ctor Completed in 1ms
36 timing idealTree:init Completed in 66ms
37 http fetch GET 200 https://registry.npmjs.org/types-registry 342ms (cache miss)
38 timing idealTree:userRequests Completed in 372ms
39 silly idealTree buildDeps
40 silly fetch manifest types-registry@0.1.753
41 silly placeDep ROOT types-registry@0.1.753 OK for:  want: 0.1.753
42 timing idealTree:#root Completed in 31ms
43 timing idealTree:node_modules/types-registry Completed in 0ms
44 timing idealTree:buildDeps Completed in 37ms
45 timing idealTree:fixDepFlags Completed in 2ms
46 timing idealTree Completed in 482ms
47 timing reify:loadTrees Completed in 486ms
48 timing reify:diffTrees Completed in 4ms
49 silly reify moves {}
50 timing reify:retireShallow Completed in 4ms
51 timing reify:createSparse Completed in 8ms
52 timing reify:loadBundles Completed in 0ms
53 silly audit bulk request { 'types-registry': [ '0.1.753' ] }
54 silly tarball no local data for types-registry@https://registry.npmjs.org/types-registry/-/types-registry-0.1.753.tgz. Extracting by manifest.
55 http fetch GET 200 https://registry.npmjs.org/npm 771ms (cache miss)
56 http fetch POST 200 https://registry.npmjs.org/-/npm/v1/security/advisories/bulk 253ms
57 timing auditReport:getReport Completed in 262ms
58 silly audit report {}
59 timing auditReport:init Completed in 0ms
60 timing reify:audit Completed in 265ms
61 http fetch GET 200 https://registry.npmjs.org/types-registry/-/types-registry-0.1.753.tgz 344ms (cache miss)
62 timing reifyNode:node_modules/types-registry Completed in 380ms
63 timing reify:unpack Completed in 382ms
64 timing reify:unretire Completed in 1ms
65 timing build:queue Completed in 2ms
66 timing build:deps Completed in 3ms
67 timing build Completed in 4ms
68 timing reify:build Completed in 5ms
69 timing reify:trash Completed in 0ms
70 timing reify:save Completed in 25ms
71 timing reify Completed in 1097ms
72 silly ADD node_modules/types-registry
73 timing command:install Completed in 1134ms
74 notice
74 notice New major version of npm available! 8.19.4 -> 11.7.0
74 notice Changelog: <https://github.com/npm/cli/releases/tag/v11.7.0>
74 notice Run `npm install -g npm@11.7.0` to update!
74 notice
75 verbose exit 0
76 timing npm Completed in 1999ms
77 info ok
